
> storybook@1.0.0 build-storybook
> storybook build --output-dir=/var/folders/t4/m8kp2kdj62xd6m4_sd86ljh00000gn/T/chromatic--72402-ZyvISOPcqF01

[1mstorybook v9.1.10
[22m
info => Cleaning outputDir: [36m../../../../../var/folders/t4/m8kp2kdj62xd6m4_sd86ljh00000gn/T/chromatic--72402-ZyvISOPcqF01[39m
info => Loading presets
info => Building manager..
info => Building preview..
[36mvite v5.4.20 [32mbuilding for production...[36m[39m
transforming...
[32m✓[39m 102 modules transformed.
rendering chunks...
computing gzip size...
[2m../../../../../var/folders/t4/m8kp2kdj62xd6m4_sd86ljh00000gn/T/chromatic--72402-ZyvISOPcqF01/[22m[2massets/[22m[32mcontext-C0qIqeS4.png                  [39m[1m[2m  6.12 kB[22m[1m[22m
[2m../../../../../var/folders/t4/m8kp2kdj62xd6m4_sd86ljh00000gn/T/chromatic--72402-ZyvISOPcqF01/[22m[2massets/[22m[32mstyling-Bk6zjRzU.png                  [39m[1m[2m  7.24 kB[22m[1m[22m
[2m../../../../../var/folders/t4/m8kp2kdj62xd6m4_sd86ljh00000gn/T/chromatic--72402-ZyvISOPcqF01/[22m[32miframe.html                                  [39m[1m[2m 18.26 kB[22m[1m[22m[2m │ gzip:   5.13 kB[22m
[2m../../../../../var/folders/t4/m8kp2kdj62xd6m4_sd86ljh00000gn/T/chromatic--72402-ZyvISOPcqF01/[22m[2massets/[22m[32mdocs---vsFbMi.png                     [39m[1m[2m 27.88 kB[22m[1m[22m
[2m../../../../../var/folders/t4/m8kp2kdj62xd6m4_sd86ljh00000gn/T/chromatic--72402-ZyvISOPcqF01/[22m[2massets/[22m[32mshare-DGA-UcQf.png                    [39m[1m[2m 40.77 kB[22m[1m[22m
[2m../../../../../var/folders/t4/m8kp2kdj62xd6m4_sd86ljh00000gn/T/chromatic--72402-ZyvISOPcqF01/[22m[2massets/[22m[32maccessibility-W_h2acOZ.png            [39m[1m[2m 42.34 kB[22m[1m[22m
[2m../../../../../var/folders/t4/m8kp2kdj62xd6m4_sd86ljh00000gn/T/chromatic--72402-ZyvISOPcqF01/[22m[2massets/[22m[32mfigma-plugin-CH2hELiO.png             [39m[1m[2m 44.25 kB[22m[1m[22m
[2m../../../../../var/folders/t4/m8kp2kdj62xd6m4_sd86ljh00000gn/T/chromatic--72402-ZyvISOPcqF01/[22m[2massets/[22m[32mtheming-D6WJLNoW.png                  [39m[1m[2m 44.37 kB[22m[1m[22m
[2m../../../../../var/folders/t4/m8kp2kdj62xd6m4_sd86ljh00000gn/T/chromatic--72402-ZyvISOPcqF01/[22m[2massets/[22m[32mtesting-cbzR9l9r.png                  [39m[1m[2m 49.31 kB[22m[1m[22m
[2m../../../../../var/folders/t4/m8kp2kdj62xd6m4_sd86ljh00000gn/T/chromatic--72402-ZyvISOPcqF01/[22m[2massets/[22m[32maddon-library-BWUCAmyN.png            [39m[1m[2m467.37 kB[22m[1m[22m
[2m../../../../../var/folders/t4/m8kp2kdj62xd6m4_sd86ljh00000gn/T/chromatic--72402-ZyvISOPcqF01/[22m[2massets/[22m[36mindex-C15HOgik.js                     [39m[1m[2m  0.48 kB[22m[1m[22m[2m │ gzip:   0.31 kB[22m
[2m../../../../../var/folders/t4/m8kp2kdj62xd6m4_sd86ljh00000gn/T/chromatic--72402-ZyvISOPcqF01/[22m[2massets/[22m[36mHome.stories-BYLkpc1D.js              [39m[1m[2m  0.95 kB[22m[1m[22m[2m │ gzip:   0.40 kB[22m
[2m../../../../../var/folders/t4/m8kp2kdj62xd6m4_sd86ljh00000gn/T/chromatic--72402-ZyvISOPcqF01/[22m[2massets/[22m[36mpreload-helper-C1FmrZbK.js            [39m[1m[2m  1.14 kB[22m[1m[22m[2m │ gzip:   0.68 kB[22m
[2m../../../../../var/folders/t4/m8kp2kdj62xd6m4_sd86ljh00000gn/T/chromatic--72402-ZyvISOPcqF01/[22m[2massets/[22m[36mSearch.stories-DoUQJjea.js            [39m[1m[2m  3.47 kB[22m[1m[22m[2m │ gzip:   0.91 kB[22m
[2m../../../../../var/folders/t4/m8kp2kdj62xd6m4_sd86ljh00000gn/T/chromatic--72402-ZyvISOPcqF01/[22m[2massets/[22m[36mTypography.stories-DtnzSWEG.js        [39m[1m[2m  7.34 kB[22m[1m[22m[2m │ gzip:   1.32 kB[22m
[2m../../../../../var/folders/t4/m8kp2kdj62xd6m4_sd86ljh00000gn/T/chromatic--72402-ZyvISOPcqF01/[22m[2massets/[22m[36mSlider.stories-BiXQKeFv.js            [39m[1m[2m  7.93 kB[22m[1m[22m[2m │ gzip:   2.59 kB[22m
[2m../../../../../var/folders/t4/m8kp2kdj62xd6m4_sd86ljh00000gn/T/chromatic--72402-ZyvISOPcqF01/[22m[2massets/[22m[36mAccordion.stories-LQh5Xo4X.js         [39m[1m[2m  8.33 kB[22m[1m[22m[2m │ gzip:   2.00 kB[22m
[2m../../../../../var/folders/t4/m8kp2kdj62xd6m4_sd86ljh00000gn/T/chromatic--72402-ZyvISOPcqF01/[22m[2massets/[22m[36mTable.stories-BdrUZt8_.js             [39m[1m[2m  8.79 kB[22m[1m[22m[2m │ gzip:   2.58 kB[22m
[2m../../../../../var/folders/t4/m8kp2kdj62xd6m4_sd86ljh00000gn/T/chromatic--72402-ZyvISOPcqF01/[22m[2massets/[22m[36mTextField.stories-ge9Ue2Hc.js         [39m[1m[2m  9.19 kB[22m[1m[22m[2m │ gzip:   1.75 kB[22m
[2m../../../../../var/folders/t4/m8kp2kdj62xd6m4_sd86ljh00000gn/T/chromatic--72402-ZyvISOPcqF01/[22m[2massets/[22m[36mIconography.stories-DERNRvP0.js       [39m[1m[2m 10.25 kB[22m[1m[22m[2m │ gzip:   1.11 kB[22m
[2m../../../../../var/folders/t4/m8kp2kdj62xd6m4_sd86ljh00000gn/T/chromatic--72402-ZyvISOPcqF01/[22m[2massets/[22m[36mColors.stories-CS43Sd_d.js            [39m[1m[2m 10.32 kB[22m[1m[22m[2m │ gzip:   2.20 kB[22m
[2m../../../../../var/folders/t4/m8kp2kdj62xd6m4_sd86ljh00000gn/T/chromatic--72402-ZyvISOPcqF01/[22m[2massets/[22m[36mTabs.stories-7GCMzfZP.js              [39m[1m[2m 12.55 kB[22m[1m[22m[2m │ gzip:   2.79 kB[22m
[2m../../../../../var/folders/t4/m8kp2kdj62xd6m4_sd86ljh00000gn/T/chromatic--72402-ZyvISOPcqF01/[22m[2massets/[22m[36mAlert.stories--vXvWw5B.js             [39m[1m[2m 14.09 kB[22m[1m[22m[2m │ gzip:   2.61 kB[22m
[2m../../../../../var/folders/t4/m8kp2kdj62xd6m4_sd86ljh00000gn/T/chromatic--72402-ZyvISOPcqF01/[22m[2massets/[22m[36mLayout.stories-CsXrNFu8.js            [39m[1m[2m 15.60 kB[22m[1m[22m[2m │ gzip:   1.37 kB[22m
[2m../../../../../var/folders/t4/m8kp2kdj62xd6m4_sd86ljh00000gn/T/chromatic--72402-ZyvISOPcqF01/[22m[2massets/[22m[36mSegmentedButtons.stories-CJ8_BpAx.js  [39m[1m[2m 17.00 kB[22m[1m[22m[2m │ gzip:   2.85 kB[22m
[2m../../../../../var/folders/t4/m8kp2kdj62xd6m4_sd86ljh00000gn/T/chromatic--72402-ZyvISOPcqF01/[22m[2massets/[22m[36mColorTokens.stories-B5PrrKmx.js       [39m[1m[2m 18.74 kB[22m[1m[22m[2m │ gzip:   3.25 kB[22m
[2m../../../../../var/folders/t4/m8kp2kdj62xd6m4_sd86ljh00000gn/T/chromatic--72402-ZyvISOPcqF01/[22m[2massets/[22m[36mPagination.stories-DdaL_y3Q.js        [39m[1m[2m 21.06 kB[22m[1m[22m[2m │ gzip:   3.38 kB[22m
[2m../../../../../var/folders/t4/m8kp2kdj62xd6m4_sd86ljh00000gn/T/chromatic--72402-ZyvISOPcqF01/[22m[2massets/[22m[36mDropdown.stories-BhZlq1Pg.js          [39m[1m[2m 22.46 kB[22m[1m[22m[2m │ gzip:   3.32 kB[22m
[2m../../../../../var/folders/t4/m8kp2kdj62xd6m4_sd86ljh00000gn/T/chromatic--72402-ZyvISOPcqF01/[22m[2massets/[22m[36mConfigure-ByKKpJMg.js                 [39m[1m[2m 25.56 kB[22m[1m[22m[2m │ gzip:  10.95 kB[22m
[2m../../../../../var/folders/t4/m8kp2kdj62xd6m4_sd86ljh00000gn/T/chromatic--72402-ZyvISOPcqF01/[22m[2massets/[22m[36mCard.stories-D5pTkVC8.js              [39m[1m[2m 25.67 kB[22m[1m[22m[2m │ gzip:   3.59 kB[22m
[2m../../../../../var/folders/t4/m8kp2kdj62xd6m4_sd86ljh00000gn/T/chromatic--72402-ZyvISOPcqF01/[22m[36mvite-inject-mocker-entry.js                  [39m[1m[2m 29.18 kB[22m[1m[22m[2m │ gzip:  10.13 kB[22m
[2m../../../../../var/folders/t4/m8kp2kdj62xd6m4_sd86ljh00000gn/T/chromatic--72402-ZyvISOPcqF01/[22m[2massets/[22m[36mColor-AVL7NMMY-B0wX7qPK.js            [39m[1m[2m 29.33 kB[22m[1m[22m[2m │ gzip:  11.03 kB[22m
[2m../../../../../var/folders/t4/m8kp2kdj62xd6m4_sd86ljh00000gn/T/chromatic--72402-ZyvISOPcqF01/[22m[2massets/[22m[36mButton.stories-D8F2oPsw.js            [39m[1m[2m 53.21 kB[22m[1m[22m[2m │ gzip:   3.39 kB[22m
[2m../../../../../var/folders/t4/m8kp2kdj62xd6m4_sd86ljh00000gn/T/chromatic--72402-ZyvISOPcqF01/[22m[2massets/[22m[36mDocsRenderer-PQXLIZUC-oGIMf8l7.js     [39m[1m[2m182.07 kB[22m[1m[22m[2m │ gzip:  57.55 kB[22m
[2m../../../../../var/folders/t4/m8kp2kdj62xd6m4_sd86ljh00000gn/T/chromatic--72402-ZyvISOPcqF01/[22m[2massets/[22m[36mblocks-DsrVimCu.js                    [39m[1m[33m675.76 kB[39m[22m[2m │ gzip: 222.34 kB[22m
[2m../../../../../var/folders/t4/m8kp2kdj62xd6m4_sd86ljh00000gn/T/chromatic--72402-ZyvISOPcqF01/[22m[2massets/[22m[36miframe-BA9Zj4Tj.js                    [39m[1m[33m946.87 kB[39m[22m[2m │ gzip: 257.39 kB[22m
[32m✓ built in 7.27s[39m
info => Output directory: /var/folders/t4/m8kp2kdj62xd6m4_sd86ljh00000gn/T/chromatic--72402-ZyvISOPcqF01
